[     182ms] [INFO] %cDownload the React DevTools for a better development experience: https://react.dev/link/react-devtools font-weight:bold @ http://localhost:54760/_next/static/chunks/node_modules_next_dist_1ybzpk2._.js:2477
[     192ms] [LOG] [HMR] connected @ http://localhost:54760/_next/static/chunks/node_modules_next_dist_1ybzpk2._.js:2477
[     276ms] [WARNING] THREE.Clock: This module has been deprecated. Please use THREE.Timer instead. @ http://localhost:54760/_next/static/chunks/node_modules_next_dist_1ybzpk2._.js:2477
[   37115ms] [LOG] [Fast Refresh] rebuilding @ http://localhost:54760/_next/static/chunks/node_modules_next_dist_1ybzpk2._.js:2477
[   37143ms] [LOG] [Fast Refresh] done in 27ms @ http://localhost:54760/_next/static/chunks/node_modules_next_dist_1ybzpk2._.js:2477
[   41970ms] [LOG] [Fast Refresh] rebuilding @ http://localhost:54760/_next/static/chunks/node_modules_next_dist_1ybzpk2._.js:2477
[   41996ms] [LOG] [Fast Refresh] done in 21ms @ http://localhost:54760/_next/static/chunks/node_modules_next_dist_1ybzpk2._.js:2477
[   46046ms] [LOG] [Fast Refresh] rebuilding @ http://localhost:54760/_next/static/chunks/node_modules_next_dist_1ybzpk2._.js:2477
[   46073ms] [LOG] [Fast Refresh] done in 23ms @ http://localhost:54760/_next/static/chunks/node_modules_next_dist_1ybzpk2._.js:2477
[   67366ms] [LOG] [Fast Refresh] rebuilding @ http://localhost:54760/_next/static/chunks/node_modules_next_dist_1ybzpk2._.js:2477
[   67393ms] [LOG] [Fast Refresh] done in 26ms @ http://localhost:54760/_next/static/chunks/node_modules_next_dist_1ybzpk2._.js:2477
[   88562ms] [LOG] [Fast Refresh] rebuilding @ http://localhost:54760/_next/static/chunks/node_modules_next_dist_1ybzpk2._.js:2477
[   88591ms] [LOG] [Fast Refresh] done in 22ms @ http://localhost:54760/_next/static/chunks/node_modules_next_dist_1ybzpk2._.js:2477
[  230669ms] [LOG] [Fast Refresh] rebuilding @ http://localhost:54760/_next/static/chunks/node_modules_next_dist_1ybzpk2._.js:2477
[  230697ms] [LOG] [Fast Refresh] done in 23ms @ http://localhost:54760/_next/static/chunks/node_modules_next_dist_1ybzpk2._.js:2477
[  401860ms] [ERROR] WebSocket connection to 'ws://localhost:54760/_next/webpack-hmr?id=wF3_-FAsKOJbq-ASQdk5X' failed:  @ http://localhost:54760/_next/static/chunks/node_modules_next_dist_client_0r5nbpw._.js:13422
[  402864ms] [ERROR] WebSocket connection to 'ws://localhost:54760/_next/webpack-hmr?id=wF3_-FAsKOJbq-ASQdk5X' failed:  @ http://localhost:54760/_next/static/chunks/node_modules_next_dist_client_0r5nbpw._.js:13422
[  403866ms] [ERROR] WebSocket connection to 'ws://localhost:54760/_next/webpack-hmr?id=wF3_-FAsKOJbq-ASQdk5X' failed:  @ http://localhost:54760/_next/static/chunks/node_modules_next_dist_client_0r5nbpw._.js:13422
[  404868ms] [ERROR] WebSocket connection to 'ws://localhost:54760/_next/webpack-hmr?id=wF3_-FAsKOJbq-ASQdk5X' failed:  @ http://localhost:54760/_next/static/chunks/node_modules_next_dist_client_0r5nbpw._.js:13422
[  405872ms] [ERROR] WebSocket connection to 'ws://localhost:54760/_next/webpack-hmr?id=wF3_-FAsKOJbq-ASQdk5X' failed:  @ http://localhost:54760/_next/static/chunks/node_modules_next_dist_client_0r5nbpw._.js:13422
[  410876ms] [ERROR] WebSocket connection to 'ws://localhost:54760/_next/webpack-hmr?id=wF3_-FAsKOJbq-ASQdk5X' failed:  @ http://localhost:54760/_next/static/chunks/node_modules_next_dist_client_0r5nbpw._.js:13422
[  415891ms] [ERROR] WebSocket connection to 'ws://localhost:54760/_next/webpack-hmr?id=wF3_-FAsKOJbq-ASQdk5X' failed:  @ http://localhost:54760/_next/static/chunks/node_modules_next_dist_client_0r5nbpw._.js:13422
[  420904ms] [ERROR] WebSocket connection to 'ws://localhost:54760/_next/webpack-hmr?id=wF3_-FAsKOJbq-ASQdk5X' failed:  @ http://localhost:54760/_next/static/chunks/node_modules_next_dist_client_0r5nbpw._.js:13422
[  425942ms] [ERROR] WebSocket connection to 'ws://localhost:54760/_next/webpack-hmr?id=wF3_-FAsKOJbq-ASQdk5X' failed:  @ http://localhost:54760/_next/static/chunks/node_modules_next_dist_client_0r5nbpw._.js:13422
[  430983ms] [ERROR] WebSocket connection to 'ws://localhost:54760/_next/webpack-hmr?id=wF3_-FAsKOJbq-ASQdk5X' failed:  @ http://localhost:54760/_next/static/chunks/node_modules_next_dist_client_0r5nbpw._.js:13422
[  436058ms] [ERROR] WebSocket connection to 'ws://localhost:54760/_next/webpack-hmr?id=wF3_-FAsKOJbq-ASQdk5X' failed:  @ http://localhost:54760/_next/static/chunks/node_modules_next_dist_client_0r5nbpw._.js:13422
[  441181ms] [ERROR] WebSocket connection to 'ws://localhost:54760/_next/webpack-hmr?id=wF3_-FAsKOJbq-ASQdk5X' failed:  @ http://localhost:54760/_next/static/chunks/node_modules_next_dist_client_0r5nbpw._.js:13422
